# JRE version: Java(TM) SE Runtime Environment (8.0_202-b08) (build 1.8.0_202-b08)
# Java VM: Java HotSpot(TM) 64-Bit Server VM (25.202-b08 mixed mode linux-amd64 compressed oops)
Heap:
 PSYoungGen      total 75264K, used 21469K [0x000000076c900000, 0x0000000771d00000, 0x00000007c0000000)
  eden space 64512K, 19% used [0x000000076c900000,0x000000076d5700d0,0x0000000770800000)
  from space 10752K, 81% used [0x0000000771280000,0x0000000771b07450,0x0000000771d00000)
  to   space 10752K, 0% used [0x0000000770800000,0x0000000770800000,0x0000000771280000)
 ParOldGen       total 172032K, used 4271K [0x00000006c5a00000, 0x00000006d0200000, 0x000000076c900000)
  object space 172032K, 2% used [0x00000006c5a00000,0x00000006c5e2be98,0x00000006d0200000)
 Metaspace       used 18473K, capacity 18742K, committed 18944K, reserved 1067008K
  class space    used 1639K, capacity 1735K, committed 1792K, reserved 1048576K
GC Heap History (4 events):
Event: 1,729 GC heap before
{Heap before GC invocations=1 (full 0):
 PSYoungGen      total 75264K, used 64512K [0x000000076c900000, 0x0000000771d00000, 0x00000007c0000000)
  eden space 64512K, 100% used [0x000000076c900000,0x0000000770800000,0x0000000770800000)
  from space 10752K, 0% used [0x0000000771280000,0x0000000771280000,0x0000000771d00000)
  to   space 10752K, 0% used [0x0000000770800000,0x0000000770800000,0x0000000771280000)
 ParOldGen       total 172032K, used 0K [0x00000006c5a00000, 0x00000006d0200000, 0x000000076c900000)
  object space 172032K, 0% used [0x00000006c5a00000,0x00000006c5a00000,0x00000006d0200000)
 Metaspace       used 17833K, capacity 18094K, committed 18432K, reserved 1067008K
  class space    used 1636K, capacity 1735K, committed 1792K, reserved 1048576K
Event: 1,737 GC heap after
Heap after GC invocations=1 (full 0):
 PSYoungGen      total 75264K, used 10741K [0x000000076c900000, 0x0000000771d00000, 0x00000007c0000000)
  eden space 64512K, 0% used [0x000000076c900000,0x000000076c900000,0x0000000770800000)
  from space 10752K, 99% used [0x0000000770800000,0x000000077127d558,0x0000000771280000)
  to   space 10752K, 0% used [0x0000000771280000,0x0000000771280000,0x0000000771d00000)
 ParOldGen       total 172032K, used 4255K [0x00000006c5a00000, 0x00000006d0200000, 0x000000076c900000)
  object space 172032K, 2% used [0x00000006c5a00000,0x00000006c5e27e98,0x00000006d0200000)
 Metaspace       used 17833K, capacity 18094K, committed 18432K, reserved 1067008K
  class space    used 1636K, capacity 1735K, committed 1792K, reserved 1048576K
}
Event: 9,358 GC heap before
{Heap before GC invocations=2 (full 0):
 PSYoungGen      total 75264K, used 75253K [0x000000076c900000, 0x0000000771d00000, 0x00000007c0000000)
  eden space 64512K, 100% used [0x000000076c900000,0x0000000770800000,0x0000000770800000)
  from space 10752K, 99% used [0x0000000770800000,0x000000077127d558,0x0000000771280000)
  to   space 10752K, 0% used [0x0000000771280000,0x0000000771280000,0x0000000771d00000)
 ParOldGen       total 172032K, used 4255K [0x00000006c5a00000, 0x00000006d0200000, 0x000000076c900000)
  object space 172032K, 2% used [0x00000006c5a00000,0x00000006c5e27e98,0x00000006d0200000)
 Metaspace       used 18429K, capacity 18742K, committed 18944K, reserved 1067008K
  class space    used 1637K, capacity 1735K, committed 1792K, reserved 1048576K
Event: 9,362 GC heap after
Heap after GC invocations=2 (full 0):
 PSYoungGen      total 75264K, used 8733K [0x000000076c900000, 0x0000000771d00000, 0x00000007c0000000)
  eden space 64512K, 0% used [0x000000076c900000,0x000000076c900000,0x0000000770800000)
  from space 10752K, 81% used [0x0000000771280000,0x0000000771b07450,0x0000000771d00000)
  to   space 10752K, 0% used [0x0000000770800000,0x0000000770800000,0x0000000771280000)
 ParOldGen       total 172032K, used 4271K [0x00000006c5a00000, 0x00000006d0200000, 0x000000076c900000)
  object space 172032K, 2% used [0x00000006c5a00000,0x00000006c5e2be98,0x00000006d0200000)
 Metaspace       used 18429K, capacity 18742K, committed 18944K, reserved 1067008K
  class space    used 1637K, capacity 1735K, committed 1792K, reserved 1048576K
}

